[debug] [2024-02-27T16:01:52.249Z] ----------------------------------------------------------------------
[debug] [2024-02-27T16:01:52.250Z] Command:       C:\Program Files\nodejs\node.exe C:\Users\Ahmed Kara\AppData\Roaming\npm\node_modules\firebase-tools\lib\bin\firebase.js deploy
[debug] [2024-02-27T16:01:52.251Z] CLI Version:   13.3.1
[debug] [2024-02-27T16:01:52.251Z] Platform:      win32
[debug] [2024-02-27T16:01:52.251Z] Node Version:  v18.16.0
[debug] [2024-02-27T16:01:52.252Z] Time:          Tue Feb 27 2024 18:01:52 GMT+0200 (Eastern European Standard Time)
[debug] [2024-02-27T16:01:52.252Z] ----------------------------------------------------------------------
[debug] 
[debug] [2024-02-27T16:01:52.306Z] > command requires scopes: ["email","openid","https://www.googleapis.com/auth/cloudplatformprojects.readonly","https://www.googleapis.com/auth/firebase","https://www.googleapis.com/auth/cloud-platform"]
[debug] [2024-02-27T16:01:52.306Z] > authorizing via signed-in user (miero2000085@gmail.com)
[debug] [2024-02-27T16:01:52.306Z] [iam] checking project test-pwa-vuetify for permissions ["firebase.projects.get","firebasehosting.sites.update"]
[debug] [2024-02-27T16:01:52.308Z] >>> [apiv2][query] POST https://cloudresourcemanager.googleapis.com/v1/projects/test-pwa-vuetify:testIamPermissions [none]
[debug] [2024-02-27T16:01:52.308Z] >>> [apiv2][(partial)header] POST https://cloudresourcemanager.googleapis.com/v1/projects/test-pwa-vuetify:testIamPermissions x-goog-quota-user=projects/test-pwa-vuetify
[debug] [2024-02-27T16:01:52.308Z] >>> [apiv2][body] POST https://cloudresourcemanager.googleapis.com/v1/projects/test-pwa-vuetify:testIamPermissions {"permissions":["firebase.projects.get","firebasehosting.sites.update"]}
[debug] [2024-02-27T16:01:52.714Z] <<< [apiv2][status] POST https://cloudresourcemanager.googleapis.com/v1/projects/test-pwa-vuetify:testIamPermissions 200
[debug] [2024-02-27T16:01:52.714Z] <<< [apiv2][body] POST https://cloudresourcemanager.googleapis.com/v1/projects/test-pwa-vuetify:testIamPermissions {"permissions":["firebase.projects.get","firebasehosting.sites.update"]}
[debug] [2024-02-27T16:01:52.715Z] >>> [apiv2][query] GET https://firebase.googleapis.com/v1beta1/projects/test-pwa-vuetify [none]
[debug] [2024-02-27T16:01:53.048Z] <<< [apiv2][status] GET https://firebase.googleapis.com/v1beta1/projects/test-pwa-vuetify 200
[debug] [2024-02-27T16:01:53.048Z] <<< [apiv2][body] GET https://firebase.googleapis.com/v1beta1/projects/test-pwa-vuetify {"projectId":"test-pwa-vuetify","projectNumber":"612505955804","displayName":"test-pwa-vuetify","name":"projects/test-pwa-vuetify","resources":{"hostingSite":"test-pwa-vuetify"},"state":"ACTIVE","etag":"1_1281fe0b-b89e-4510-9d88-e6d1cc851635"}
[info] 
[info] === Deploying to 'test-pwa-vuetify'...
[info] 
[info] i  deploying hosting 
[debug] [2024-02-27T16:01:53.052Z] >>> [apiv2][query] POST https://firebasehosting.googleapis.com/v1beta1/projects/-/sites/test-pwa-vuetify/versions [none]
[debug] [2024-02-27T16:01:53.052Z] >>> [apiv2][body] POST https://firebasehosting.googleapis.com/v1beta1/projects/-/sites/test-pwa-vuetify/versions {"status":"CREATED","labels":{"deployment-tool":"cli-firebase"}}
[debug] [2024-02-27T16:01:54.290Z] <<< [apiv2][status] POST https://firebasehosting.googleapis.com/v1beta1/projects/-/sites/test-pwa-vuetify/versions 200
[debug] [2024-02-27T16:01:54.291Z] <<< [apiv2][body] POST https://firebasehosting.googleapis.com/v1beta1/projects/-/sites/test-pwa-vuetify/versions {"name":"projects/612505955804/sites/test-pwa-vuetify/versions/19dcbd605dca466a","status":"CREATED","config":{},"labels":{"deployment-tool":"cli-firebase"}}
[info] i  hosting[test-pwa-vuetify]: beginning deploy... 
[info] i  hosting[test-pwa-vuetify]: found 39 files in dist 
[debug] [2024-02-27T16:01:54.303Z] [hosting] uploading with 200 concurrency
[debug] [2024-02-27T16:01:54.304Z] [hosting] hash cache [ZGlzdA] not populated
[debug] [2024-02-27T16:01:54.387Z] [hosting] hash cache [ZGlzdA] stored for 39 files
[debug] [2024-02-27T16:01:54.387Z] [hosting][hash queue][FINAL] {"max":78,"min":15,"avg":25.102564102564102,"active":0,"complete":39,"success":39,"errored":0,"retried":0,"total":39,"elapsed":82}
[debug] [2024-02-27T16:01:54.387Z] >>> [apiv2][query] POST https://firebasehosting.googleapis.com/v1beta1/projects/612505955804/sites/test-pwa-vuetify/versions/19dcbd605dca466a:populateFiles [none]
[debug] [2024-02-27T16:01:54.388Z] >>> [apiv2][body] POST https://firebasehosting.googleapis.com/v1beta1/projects/612505955804/sites/test-pwa-vuetify/versions/19dcbd605dca466a:populateFiles {"files":{"/index.html":"0ad0df7a47fed834b67b902f2d98147ad298edb59defc9bde841a6ab34920302","/manifest.webmanifest":"8b37f8f4155e4a17a321b398db594ed5a23b19e7456abf25092628875169988b","/registerSW.js":"7687111be2c7dabc83b6a94a6c0a78623818fe11db1830e07fa7fc00c3e51308","/assets/Default-1b87497e.css":"9a576b6bfa18651b0d1534e9d671a7abac1a3f007f8210612fa195d9dc758e88","/sw.js":"ea4e8625a6649bb5341a9e5c8654fea1104aa065460f7273ed5a432c56cc69b2","/assets/Default-0909ac02.js":"f959f32490b0c4fac0c969d882b8a5c95bd8c9f8e41fbad985764dc85f62898d","/workbox-3e911b1d.js":"9664d8875652e0382312c5497b521558cf19dac8b4b02c655fe7ceafe9437d63","/assets/Home-9cdfa97f.css":"5e36387f4848869dca7e3295bb980592df2d2b89e4d954ea271bff42803e30fa","/assets/Home-7db01d95.js":"a157d6d7260ca8d355858125aad7f604b35fd18ac23f5f2a2ede8cc5d24891c6","/favicon.ico":"ed652d0df07e55a43201f46d54336b1cffdb9bd25023aee2bb09d497714069a9","/assets/testPaage-60c339ae.js":"1429b604c22de8c056fa3c1792df89210303ba84a1a88f617de09f39301c6da2","/assets/VIcon-e2ec74db.css":"db7011f7d37de8665923c666f67f29e0e1ae5098ff4a9c28840aa0389118c129","/assets/VIcon-bdfdf284.js":"12c5b6b3895de3bddb7e344a77e24d90ee6061a94f67366d4a0d993110a48be4","/imgs/icons/icon-128x128.png":"e094f5ab18bb5c46788444c1ecc41bac7103d5a15063bc71b1aaffb1ce990dbf","/imgs/icons/icon-144x144.png":"39a6b3936685f77af4b8834670caf87af5e395aae3e9baa1591bbb180d7d9c40","/imgs/icons/icon-152x152.png":"a4972ae258031762f6e07f220814a6d35b151a882ea61d74370d5a689a35ebbd","/imgs/icons/icon-192x192.png":"3234a3ca9d270e5d57333e0793dcb2b574644acde45a46f61ca693672a2985dc","/imgs/icons/icon-384x384.png":"44b3e206570cc60d9e1500621679b2aa4bddaf1e76ced4f87929f536f8033d27","/imgs/icons/icon-48x48.png":"f5b7ea69d5c924f28cb7f3d3b28c79977047d9eb9613ad66ef87e96cd48f1b18","/imgs/icons/icon-72x72.png":"76057699dc5bdb7b3bcf5d22ac5ddd0cb1cfc57aea86d59ffae2ca9542725e45","/imgs/icons/icon-96x96.png":"f938947f4a7aeb188f6fab15658bf8b0c7202d86caa4198fece946c8fa23625b","/assets/VTextarea-b4b4972f.css":"99f0e3568e13a3e65da830785a7b975f6c283a7d17640c2cb2c3a4ffafd2011e","/imgs/screenshots/readme.txt":"a53aad47673bda2b3d4309c2b17d826cd49ede2468581b537bc2be92802eb1e5","/imgs/icons/icon-512x512.png":"55c79ba16cfb5185bad33ef197b3a05a7cc3e3b7396fa64d82ee591e5b34a24a","/assets/index-e428572a.js":"e027b49a4999ce2d06574afc523eba5f707020d7009d945b29fc0db543aa5998","/imgs/screenshots/1.jpg":"4cefbb37296582d3a36f6a0407ca29d4807946fcaf97854d28ebf17ad523e328","/imgs/screenshots/3.jpg":"d502f1088c2726bf5e7299ac597c09194c468bc4bc1cf3ca6eaaf123f84aca62","/imgs/screenshots/6.jpg":"99f691e9eddf1d3823dec14f58c068aab59ba66e4c38182286377f80fb9ed806","/imgs/screenshots/4.jpg":"44c08e6bf6c5fc59b46a760d54904ed8e627cc3b498d86887f2e2c601fe4c7d0","/imgs/screenshots/2.jpg":"b12738210831798d85d6195ce4cb06bc84efc5b63bafbb4a063e059cc80290e2","/imgs/screenshots/5.jpg":"be314384f851d8bf9278bf174ff544d776d678b237b0ab9d43bc41cce28b58da","/imgs/screenshots/7.jpg":"2b30bf31bab7d4ac00c382fbe441fc8f4967e91aad2cceec79cf08f9a6f95bf1","/assets/VTextarea-4487d62a.js":"4c1ee40c2dd662809d99c9ce79513fb707b9e2440d8bf6fd0144b9c94911fcef","/assets/materialdesignicons-webfont-e52d60f6.woff2":"4ad51d9651882f5503a7343beee7f338d25c2f25ca1bdb20900d5836fc77c11d","/assets/index-2bcbb868.css":"52e148fa73aed06e0afb1d1481a5596d744e73166f64ab1c9fdc1bfd30cc9b57","/assets/materialdesignicons-webfont-48d3eec6.woff":"6b9f3825ec13140573a72149c061e4ae36716523eb37333229b7e55b7fe14479","/imgs/screenshots/raw.SCREENSHOTS":"4032b168dae18f5d456c97317e2583d44054c1267c76a8a1a517bc24059ba8ca","/assets/materialdesignicons-webfont-bd725a7a.ttf":"e9534d51bdd55538081710d4f25707a206be026211c7805cc7a04d64fc727446","/assets/materialdesignicons-webfont-861aea05.eot":"3e43e4454a62e823fc848126a3ccc7603696fdd1cca00cf43845cbff38b50831"}}
[debug] [2024-02-27T16:01:55.389Z] <<< [apiv2][status] POST https://firebasehosting.googleapis.com/v1beta1/projects/612505955804/sites/test-pwa-vuetify/versions/19dcbd605dca466a:populateFiles 200
[debug] [2024-02-27T16:01:55.389Z] <<< [apiv2][body] POST https://firebasehosting.googleapis.com/v1beta1/projects/612505955804/sites/test-pwa-vuetify/versions/19dcbd605dca466a:populateFiles {"uploadRequiredHashes":["4ad51d9651882f5503a7343beee7f338d25c2f25ca1bdb20900d5836fc77c11d","e027b49a4999ce2d06574afc523eba5f707020d7009d945b29fc0db543aa5998","f959f32490b0c4fac0c969d882b8a5c95bd8c9f8e41fbad985764dc85f62898d","9664d8875652e0382312c5497b521558cf19dac8b4b02c655fe7ceafe9437d63","e9534d51bdd55538081710d4f25707a206be026211c7805cc7a04d64fc727446","db7011f7d37de8665923c666f67f29e0e1ae5098ff4a9c28840aa0389118c129","3e43e4454a62e823fc848126a3ccc7603696fdd1cca00cf43845cbff38b50831","12c5b6b3895de3bddb7e344a77e24d90ee6061a94f67366d4a0d993110a48be4","7687111be2c7dabc83b6a94a6c0a78623818fe11db1830e07fa7fc00c3e51308","4c1ee40c2dd662809d99c9ce79513fb707b9e2440d8bf6fd0144b9c94911fcef","0ad0df7a47fed834b67b902f2d98147ad298edb59defc9bde841a6ab34920302","1429b604c22de8c056fa3c1792df89210303ba84a1a88f617de09f39301c6da2","8b37f8f4155e4a17a321b398db594ed5a23b19e7456abf25092628875169988b","a157d6d7260ca8d355858125aad7f604b35fd18ac23f5f2a2ede8cc5d24891c6","52e148fa73aed06e0afb1d1481a5596d744e73166f64ab1c9fdc1bfd30cc9b57","6b9f3825ec13140573a72149c061e4ae36716523eb37333229b7e55b7fe14479","99f0e3568e13a3e65da830785a7b975f6c283a7d17640c2cb2c3a4ffafd2011e","5e36387f4848869dca7e3295bb980592df2d2b89e4d954ea271bff42803e30fa","ea4e8625a6649bb5341a9e5c8654fea1104aa065460f7273ed5a432c56cc69b2","9a576b6bfa18651b0d1534e9d671a7abac1a3f007f8210612fa195d9dc758e88"],"uploadUrl":"https://upload-firebasehosting.googleapis.com/upload/sites/test-pwa-vuetify/versions/19dcbd605dca466a/files"}
[debug] [2024-02-27T16:01:55.391Z] >>> [apiv2][query] POST https://upload-firebasehosting.googleapis.com/upload/sites/test-pwa-vuetify/versions/19dcbd605dca466a/files/4ad51d9651882f5503a7343beee7f338d25c2f25ca1bdb20900d5836fc77c11d [none]
[debug] [2024-02-27T16:01:55.392Z] >>> [apiv2][body] POST https://upload-firebasehosting.googleapis.com/upload/sites/test-pwa-vuetify/versions/19dcbd605dca466a/files/4ad51d9651882f5503a7343beee7f338d25c2f25ca1bdb20900d5836fc77c11d [stream]
[debug] [2024-02-27T16:01:55.392Z] >>> [apiv2][query] POST https://upload-firebasehosting.googleapis.com/upload/sites/test-pwa-vuetify/versions/19dcbd605dca466a/files/e027b49a4999ce2d06574afc523eba5f707020d7009d945b29fc0db543aa5998 [none]
[debug] [2024-02-27T16:01:55.392Z] >>> [apiv2][body] POST https://upload-firebasehosting.googleapis.com/upload/sites/test-pwa-vuetify/versions/19dcbd605dca466a/files/e027b49a4999ce2d06574afc523eba5f707020d7009d945b29fc0db543aa5998 [stream]
[debug] [2024-02-27T16:01:55.393Z] >>> [apiv2][query] POST https://upload-firebasehosting.googleapis.com/upload/sites/test-pwa-vuetify/versions/19dcbd605dca466a/files/f959f32490b0c4fac0c969d882b8a5c95bd8c9f8e41fbad985764dc85f62898d [none]
[debug] [2024-02-27T16:01:55.393Z] >>> [apiv2][body] POST https://upload-firebasehosting.googleapis.com/upload/sites/test-pwa-vuetify/versions/19dcbd605dca466a/files/f959f32490b0c4fac0c969d882b8a5c95bd8c9f8e41fbad985764dc85f62898d [stream]
[debug] [2024-02-27T16:01:55.394Z] >>> [apiv2][query] POST https://upload-firebasehosting.googleapis.com/upload/sites/test-pwa-vuetify/versions/19dcbd605dca466a/files/9664d8875652e0382312c5497b521558cf19dac8b4b02c655fe7ceafe9437d63 [none]
[debug] [2024-02-27T16:01:55.394Z] >>> [apiv2][body] POST https://upload-firebasehosting.googleapis.com/upload/sites/test-pwa-vuetify/versions/19dcbd605dca466a/files/9664d8875652e0382312c5497b521558cf19dac8b4b02c655fe7ceafe9437d63 [stream]
[debug] [2024-02-27T16:01:55.394Z] >>> [apiv2][query] POST https://upload-firebasehosting.googleapis.com/upload/sites/test-pwa-vuetify/versions/19dcbd605dca466a/files/e9534d51bdd55538081710d4f25707a206be026211c7805cc7a04d64fc727446 [none]
[debug] [2024-02-27T16:01:55.394Z] >>> [apiv2][body] POST https://upload-firebasehosting.googleapis.com/upload/sites/test-pwa-vuetify/versions/19dcbd605dca466a/files/e9534d51bdd55538081710d4f25707a206be026211c7805cc7a04d64fc727446 [stream]
[debug] [2024-02-27T16:01:55.395Z] >>> [apiv2][query] POST https://upload-firebasehosting.googleapis.com/upload/sites/test-pwa-vuetify/versions/19dcbd605dca466a/files/db7011f7d37de8665923c666f67f29e0e1ae5098ff4a9c28840aa0389118c129 [none]
[debug] [2024-02-27T16:01:55.395Z] >>> [apiv2][body] POST https://upload-firebasehosting.googleapis.com/upload/sites/test-pwa-vuetify/versions/19dcbd605dca466a/files/db7011f7d37de8665923c666f67f29e0e1ae5098ff4a9c28840aa0389118c129 [stream]
[debug] [2024-02-27T16:01:55.396Z] >>> [apiv2][query] POST https://upload-firebasehosting.googleapis.com/upload/sites/test-pwa-vuetify/versions/19dcbd605dca466a/files/3e43e4454a62e823fc848126a3ccc7603696fdd1cca00cf43845cbff38b50831 [none]
[debug] [2024-02-27T16:01:55.396Z] >>> [apiv2][body] POST https://upload-firebasehosting.googleapis.com/upload/sites/test-pwa-vuetify/versions/19dcbd605dca466a/files/3e43e4454a62e823fc848126a3ccc7603696fdd1cca00cf43845cbff38b50831 [stream]
[debug] [2024-02-27T16:01:55.397Z] >>> [apiv2][query] POST https://upload-firebasehosting.googleapis.com/upload/sites/test-pwa-vuetify/versions/19dcbd605dca466a/files/12c5b6b3895de3bddb7e344a77e24d90ee6061a94f67366d4a0d993110a48be4 [none]
[debug] [2024-02-27T16:01:55.397Z] >>> [apiv2][body] POST https://upload-firebasehosting.googleapis.com/upload/sites/test-pwa-vuetify/versions/19dcbd605dca466a/files/12c5b6b3895de3bddb7e344a77e24d90ee6061a94f67366d4a0d993110a48be4 [stream]
[debug] [2024-02-27T16:01:55.397Z] >>> [apiv2][query] POST https://upload-firebasehosting.googleapis.com/upload/sites/test-pwa-vuetify/versions/19dcbd605dca466a/files/7687111be2c7dabc83b6a94a6c0a78623818fe11db1830e07fa7fc00c3e51308 [none]
[debug] [2024-02-27T16:01:55.397Z] >>> [apiv2][body] POST https://upload-firebasehosting.googleapis.com/upload/sites/test-pwa-vuetify/versions/19dcbd605dca466a/files/7687111be2c7dabc83b6a94a6c0a78623818fe11db1830e07fa7fc00c3e51308 [stream]
[debug] [2024-02-27T16:01:55.398Z] >>> [apiv2][query] POST https://upload-firebasehosting.googleapis.com/upload/sites/test-pwa-vuetify/versions/19dcbd605dca466a/files/4c1ee40c2dd662809d99c9ce79513fb707b9e2440d8bf6fd0144b9c94911fcef [none]
[debug] [2024-02-27T16:01:55.398Z] >>> [apiv2][body] POST https://upload-firebasehosting.googleapis.com/upload/sites/test-pwa-vuetify/versions/19dcbd605dca466a/files/4c1ee40c2dd662809d99c9ce79513fb707b9e2440d8bf6fd0144b9c94911fcef [stream]
[debug] [2024-02-27T16:01:55.399Z] >>> [apiv2][query] POST https://upload-firebasehosting.googleapis.com/upload/sites/test-pwa-vuetify/versions/19dcbd605dca466a/files/0ad0df7a47fed834b67b902f2d98147ad298edb59defc9bde841a6ab34920302 [none]
[debug] [2024-02-27T16:01:55.399Z] >>> [apiv2][body] POST https://upload-firebasehosting.googleapis.com/upload/sites/test-pwa-vuetify/versions/19dcbd605dca466a/files/0ad0df7a47fed834b67b902f2d98147ad298edb59defc9bde841a6ab34920302 [stream]
[debug] [2024-02-27T16:01:55.399Z] >>> [apiv2][query] POST https://upload-firebasehosting.googleapis.com/upload/sites/test-pwa-vuetify/versions/19dcbd605dca466a/files/1429b604c22de8c056fa3c1792df89210303ba84a1a88f617de09f39301c6da2 [none]
[debug] [2024-02-27T16:01:55.399Z] >>> [apiv2][body] POST https://upload-firebasehosting.googleapis.com/upload/sites/test-pwa-vuetify/versions/19dcbd605dca466a/files/1429b604c22de8c056fa3c1792df89210303ba84a1a88f617de09f39301c6da2 [stream]
[debug] [2024-02-27T16:01:55.400Z] >>> [apiv2][query] POST https://upload-firebasehosting.googleapis.com/upload/sites/test-pwa-vuetify/versions/19dcbd605dca466a/files/8b37f8f4155e4a17a321b398db594ed5a23b19e7456abf25092628875169988b [none]
[debug] [2024-02-27T16:01:55.400Z] >>> [apiv2][body] POST https://upload-firebasehosting.googleapis.com/upload/sites/test-pwa-vuetify/versions/19dcbd605dca466a/files/8b37f8f4155e4a17a321b398db594ed5a23b19e7456abf25092628875169988b [stream]
[debug] [2024-02-27T16:01:55.401Z] >>> [apiv2][query] POST https://upload-firebasehosting.googleapis.com/upload/sites/test-pwa-vuetify/versions/19dcbd605dca466a/files/a157d6d7260ca8d355858125aad7f604b35fd18ac23f5f2a2ede8cc5d24891c6 [none]
[debug] [2024-02-27T16:01:55.401Z] >>> [apiv2][body] POST https://upload-firebasehosting.googleapis.com/upload/sites/test-pwa-vuetify/versions/19dcbd605dca466a/files/a157d6d7260ca8d355858125aad7f604b35fd18ac23f5f2a2ede8cc5d24891c6 [stream]
[debug] [2024-02-27T16:01:55.401Z] >>> [apiv2][query] POST https://upload-firebasehosting.googleapis.com/upload/sites/test-pwa-vuetify/versions/19dcbd605dca466a/files/52e148fa73aed06e0afb1d1481a5596d744e73166f64ab1c9fdc1bfd30cc9b57 [none]
[debug] [2024-02-27T16:01:55.401Z] >>> [apiv2][body] POST https://upload-firebasehosting.googleapis.com/upload/sites/test-pwa-vuetify/versions/19dcbd605dca466a/files/52e148fa73aed06e0afb1d1481a5596d744e73166f64ab1c9fdc1bfd30cc9b57 [stream]
[debug] [2024-02-27T16:01:55.402Z] >>> [apiv2][query] POST https://upload-firebasehosting.googleapis.com/upload/sites/test-pwa-vuetify/versions/19dcbd605dca466a/files/6b9f3825ec13140573a72149c061e4ae36716523eb37333229b7e55b7fe14479 [none]
[debug] [2024-02-27T16:01:55.402Z] >>> [apiv2][body] POST https://upload-firebasehosting.googleapis.com/upload/sites/test-pwa-vuetify/versions/19dcbd605dca466a/files/6b9f3825ec13140573a72149c061e4ae36716523eb37333229b7e55b7fe14479 [stream]
[debug] [2024-02-27T16:01:55.403Z] >>> [apiv2][query] POST https://upload-firebasehosting.googleapis.com/upload/sites/test-pwa-vuetify/versions/19dcbd605dca466a/files/99f0e3568e13a3e65da830785a7b975f6c283a7d17640c2cb2c3a4ffafd2011e [none]
[debug] [2024-02-27T16:01:55.403Z] >>> [apiv2][body] POST https://upload-firebasehosting.googleapis.com/upload/sites/test-pwa-vuetify/versions/19dcbd605dca466a/files/99f0e3568e13a3e65da830785a7b975f6c283a7d17640c2cb2c3a4ffafd2011e [stream]
[debug] [2024-02-27T16:01:55.403Z] >>> [apiv2][query] POST https://upload-firebasehosting.googleapis.com/upload/sites/test-pwa-vuetify/versions/19dcbd605dca466a/files/5e36387f4848869dca7e3295bb980592df2d2b89e4d954ea271bff42803e30fa [none]
[debug] [2024-02-27T16:01:55.403Z] >>> [apiv2][body] POST https://upload-firebasehosting.googleapis.com/upload/sites/test-pwa-vuetify/versions/19dcbd605dca466a/files/5e36387f4848869dca7e3295bb980592df2d2b89e4d954ea271bff42803e30fa [stream]
[debug] [2024-02-27T16:01:55.404Z] >>> [apiv2][query] POST https://upload-firebasehosting.googleapis.com/upload/sites/test-pwa-vuetify/versions/19dcbd605dca466a/files/ea4e8625a6649bb5341a9e5c8654fea1104aa065460f7273ed5a432c56cc69b2 [none]
[debug] [2024-02-27T16:01:55.404Z] >>> [apiv2][body] POST https://upload-firebasehosting.googleapis.com/upload/sites/test-pwa-vuetify/versions/19dcbd605dca466a/files/ea4e8625a6649bb5341a9e5c8654fea1104aa065460f7273ed5a432c56cc69b2 [stream]
[debug] [2024-02-27T16:01:55.404Z] >>> [apiv2][query] POST https://upload-firebasehosting.googleapis.com/upload/sites/test-pwa-vuetify/versions/19dcbd605dca466a/files/9a576b6bfa18651b0d1534e9d671a7abac1a3f007f8210612fa195d9dc758e88 [none]
[debug] [2024-02-27T16:01:55.404Z] >>> [apiv2][body] POST https://upload-firebasehosting.googleapis.com/upload/sites/test-pwa-vuetify/versions/19dcbd605dca466a/files/9a576b6bfa18651b0d1534e9d671a7abac1a3f007f8210612fa195d9dc758e88 [stream]
[debug] [2024-02-27T16:01:55.405Z] [hosting][populate queue][FINAL] {"max":1005,"min":1005,"avg":1005,"active":0,"complete":1,"success":1,"errored":0,"retried":0,"total":1,"elapsed":1019}
[debug] [2024-02-27T16:01:55.405Z] [hosting] uploads queued: 20
[debug] [2024-02-27T16:01:56.869Z] <<< [apiv2][status] POST https://upload-firebasehosting.googleapis.com/upload/sites/test-pwa-vuetify/versions/19dcbd605dca466a/files/12c5b6b3895de3bddb7e344a77e24d90ee6061a94f67366d4a0d993110a48be4 200
[debug] [2024-02-27T16:01:56.870Z] <<< [apiv2][body] POST https://upload-firebasehosting.googleapis.com/upload/sites/test-pwa-vuetify/versions/19dcbd605dca466a/files/12c5b6b3895de3bddb7e344a77e24d90ee6061a94f67366d4a0d993110a48be4 [stream]
[debug] [2024-02-27T16:01:56.924Z] <<< [apiv2][status] POST https://upload-firebasehosting.googleapis.com/upload/sites/test-pwa-vuetify/versions/19dcbd605dca466a/files/f959f32490b0c4fac0c969d882b8a5c95bd8c9f8e41fbad985764dc85f62898d 200
[debug] [2024-02-27T16:01:56.924Z] <<< [apiv2][body] POST https://upload-firebasehosting.googleapis.com/upload/sites/test-pwa-vuetify/versions/19dcbd605dca466a/files/f959f32490b0c4fac0c969d882b8a5c95bd8c9f8e41fbad985764dc85f62898d [stream]
[debug] [2024-02-27T16:01:56.977Z] <<< [apiv2][status] POST https://upload-firebasehosting.googleapis.com/upload/sites/test-pwa-vuetify/versions/19dcbd605dca466a/files/9664d8875652e0382312c5497b521558cf19dac8b4b02c655fe7ceafe9437d63 200
[debug] [2024-02-27T16:01:56.977Z] <<< [apiv2][body] POST https://upload-firebasehosting.googleapis.com/upload/sites/test-pwa-vuetify/versions/19dcbd605dca466a/files/9664d8875652e0382312c5497b521558cf19dac8b4b02c655fe7ceafe9437d63 [stream]
[debug] [2024-02-27T16:01:57.004Z] <<< [apiv2][status] POST https://upload-firebasehosting.googleapis.com/upload/sites/test-pwa-vuetify/versions/19dcbd605dca466a/files/db7011f7d37de8665923c666f67f29e0e1ae5098ff4a9c28840aa0389118c129 200
[debug] [2024-02-27T16:01:57.005Z] <<< [apiv2][body] POST https://upload-firebasehosting.googleapis.com/upload/sites/test-pwa-vuetify/versions/19dcbd605dca466a/files/db7011f7d37de8665923c666f67f29e0e1ae5098ff4a9c28840aa0389118c129 [stream]
[debug] [2024-02-27T16:01:57.124Z] <<< [apiv2][status] POST https://upload-firebasehosting.googleapis.com/upload/sites/test-pwa-vuetify/versions/19dcbd605dca466a/files/0ad0df7a47fed834b67b902f2d98147ad298edb59defc9bde841a6ab34920302 200
[debug] [2024-02-27T16:01:57.124Z] <<< [apiv2][body] POST https://upload-firebasehosting.googleapis.com/upload/sites/test-pwa-vuetify/versions/19dcbd605dca466a/files/0ad0df7a47fed834b67b902f2d98147ad298edb59defc9bde841a6ab34920302 [stream]
[debug] [2024-02-27T16:01:57.320Z] <<< [apiv2][status] POST https://upload-firebasehosting.googleapis.com/upload/sites/test-pwa-vuetify/versions/19dcbd605dca466a/files/99f0e3568e13a3e65da830785a7b975f6c283a7d17640c2cb2c3a4ffafd2011e 200
[debug] [2024-02-27T16:01:57.320Z] <<< [apiv2][body] POST https://upload-firebasehosting.googleapis.com/upload/sites/test-pwa-vuetify/versions/19dcbd605dca466a/files/99f0e3568e13a3e65da830785a7b975f6c283a7d17640c2cb2c3a4ffafd2011e [stream]
[debug] [2024-02-27T16:01:57.336Z] <<< [apiv2][status] POST https://upload-firebasehosting.googleapis.com/upload/sites/test-pwa-vuetify/versions/19dcbd605dca466a/files/7687111be2c7dabc83b6a94a6c0a78623818fe11db1830e07fa7fc00c3e51308 200
[debug] [2024-02-27T16:01:57.336Z] <<< [apiv2][body] POST https://upload-firebasehosting.googleapis.com/upload/sites/test-pwa-vuetify/versions/19dcbd605dca466a/files/7687111be2c7dabc83b6a94a6c0a78623818fe11db1830e07fa7fc00c3e51308 [stream]
[debug] [2024-02-27T16:01:57.337Z] <<< [apiv2][status] POST https://upload-firebasehosting.googleapis.com/upload/sites/test-pwa-vuetify/versions/19dcbd605dca466a/files/e027b49a4999ce2d06574afc523eba5f707020d7009d945b29fc0db543aa5998 200
[debug] [2024-02-27T16:01:57.337Z] <<< [apiv2][body] POST https://upload-firebasehosting.googleapis.com/upload/sites/test-pwa-vuetify/versions/19dcbd605dca466a/files/e027b49a4999ce2d06574afc523eba5f707020d7009d945b29fc0db543aa5998 [stream]
[debug] [2024-02-27T16:01:57.373Z] <<< [apiv2][status] POST https://upload-firebasehosting.googleapis.com/upload/sites/test-pwa-vuetify/versions/19dcbd605dca466a/files/a157d6d7260ca8d355858125aad7f604b35fd18ac23f5f2a2ede8cc5d24891c6 200
[debug] [2024-02-27T16:01:57.373Z] <<< [apiv2][body] POST https://upload-firebasehosting.googleapis.com/upload/sites/test-pwa-vuetify/versions/19dcbd605dca466a/files/a157d6d7260ca8d355858125aad7f604b35fd18ac23f5f2a2ede8cc5d24891c6 [stream]
[debug] [2024-02-27T16:01:57.389Z] <<< [apiv2][status] POST https://upload-firebasehosting.googleapis.com/upload/sites/test-pwa-vuetify/versions/19dcbd605dca466a/files/9a576b6bfa18651b0d1534e9d671a7abac1a3f007f8210612fa195d9dc758e88 200
[debug] [2024-02-27T16:01:57.389Z] <<< [apiv2][body] POST https://upload-firebasehosting.googleapis.com/upload/sites/test-pwa-vuetify/versions/19dcbd605dca466a/files/9a576b6bfa18651b0d1534e9d671a7abac1a3f007f8210612fa195d9dc758e88 [stream]
[debug] [2024-02-27T16:01:57.415Z] <<< [apiv2][status] POST https://upload-firebasehosting.googleapis.com/upload/sites/test-pwa-vuetify/versions/19dcbd605dca466a/files/8b37f8f4155e4a17a321b398db594ed5a23b19e7456abf25092628875169988b 200
[debug] [2024-02-27T16:01:57.415Z] <<< [apiv2][body] POST https://upload-firebasehosting.googleapis.com/upload/sites/test-pwa-vuetify/versions/19dcbd605dca466a/files/8b37f8f4155e4a17a321b398db594ed5a23b19e7456abf25092628875169988b [stream]
[debug] [2024-02-27T16:01:57.438Z] <<< [apiv2][status] POST https://upload-firebasehosting.googleapis.com/upload/sites/test-pwa-vuetify/versions/19dcbd605dca466a/files/ea4e8625a6649bb5341a9e5c8654fea1104aa065460f7273ed5a432c56cc69b2 200
[debug] [2024-02-27T16:01:57.438Z] <<< [apiv2][body] POST https://upload-firebasehosting.googleapis.com/upload/sites/test-pwa-vuetify/versions/19dcbd605dca466a/files/ea4e8625a6649bb5341a9e5c8654fea1104aa065460f7273ed5a432c56cc69b2 [stream]
[debug] [2024-02-27T16:01:57.604Z] <<< [apiv2][status] POST https://upload-firebasehosting.googleapis.com/upload/sites/test-pwa-vuetify/versions/19dcbd605dca466a/files/1429b604c22de8c056fa3c1792df89210303ba84a1a88f617de09f39301c6da2 200
[debug] [2024-02-27T16:01:57.604Z] <<< [apiv2][body] POST https://upload-firebasehosting.googleapis.com/upload/sites/test-pwa-vuetify/versions/19dcbd605dca466a/files/1429b604c22de8c056fa3c1792df89210303ba84a1a88f617de09f39301c6da2 [stream]
[debug] [2024-02-27T16:01:57.843Z] <<< [apiv2][status] POST https://upload-firebasehosting.googleapis.com/upload/sites/test-pwa-vuetify/versions/19dcbd605dca466a/files/5e36387f4848869dca7e3295bb980592df2d2b89e4d954ea271bff42803e30fa 200
[debug] [2024-02-27T16:01:57.843Z] <<< [apiv2][body] POST https://upload-firebasehosting.googleapis.com/upload/sites/test-pwa-vuetify/versions/19dcbd605dca466a/files/5e36387f4848869dca7e3295bb980592df2d2b89e4d954ea271bff42803e30fa [stream]
[debug] [2024-02-27T16:01:57.864Z] <<< [apiv2][status] POST https://upload-firebasehosting.googleapis.com/upload/sites/test-pwa-vuetify/versions/19dcbd605dca466a/files/52e148fa73aed06e0afb1d1481a5596d744e73166f64ab1c9fdc1bfd30cc9b57 200
[debug] [2024-02-27T16:01:57.864Z] <<< [apiv2][body] POST https://upload-firebasehosting.googleapis.com/upload/sites/test-pwa-vuetify/versions/19dcbd605dca466a/files/52e148fa73aed06e0afb1d1481a5596d744e73166f64ab1c9fdc1bfd30cc9b57 [stream]
[debug] [2024-02-27T16:01:58.045Z] <<< [apiv2][status] POST https://upload-firebasehosting.googleapis.com/upload/sites/test-pwa-vuetify/versions/19dcbd605dca466a/files/4c1ee40c2dd662809d99c9ce79513fb707b9e2440d8bf6fd0144b9c94911fcef 200
[debug] [2024-02-27T16:01:58.045Z] <<< [apiv2][body] POST https://upload-firebasehosting.googleapis.com/upload/sites/test-pwa-vuetify/versions/19dcbd605dca466a/files/4c1ee40c2dd662809d99c9ce79513fb707b9e2440d8bf6fd0144b9c94911fcef [stream]
[debug] [2024-02-27T16:01:59.174Z] <<< [apiv2][status] POST https://upload-firebasehosting.googleapis.com/upload/sites/test-pwa-vuetify/versions/19dcbd605dca466a/files/6b9f3825ec13140573a72149c061e4ae36716523eb37333229b7e55b7fe14479 200
[debug] [2024-02-27T16:01:59.174Z] <<< [apiv2][body] POST https://upload-firebasehosting.googleapis.com/upload/sites/test-pwa-vuetify/versions/19dcbd605dca466a/files/6b9f3825ec13140573a72149c061e4ae36716523eb37333229b7e55b7fe14479 [stream]
[debug] [2024-02-27T16:02:01.204Z] <<< [apiv2][status] POST https://upload-firebasehosting.googleapis.com/upload/sites/test-pwa-vuetify/versions/19dcbd605dca466a/files/4ad51d9651882f5503a7343beee7f338d25c2f25ca1bdb20900d5836fc77c11d 200
[debug] [2024-02-27T16:02:01.205Z] <<< [apiv2][body] POST https://upload-firebasehosting.googleapis.com/upload/sites/test-pwa-vuetify/versions/19dcbd605dca466a/files/4ad51d9651882f5503a7343beee7f338d25c2f25ca1bdb20900d5836fc77c11d [stream]
[debug] [2024-02-27T16:02:02.403Z] <<< [apiv2][status] POST https://upload-firebasehosting.googleapis.com/upload/sites/test-pwa-vuetify/versions/19dcbd605dca466a/files/3e43e4454a62e823fc848126a3ccc7603696fdd1cca00cf43845cbff38b50831 200
[debug] [2024-02-27T16:02:02.403Z] <<< [apiv2][body] POST https://upload-firebasehosting.googleapis.com/upload/sites/test-pwa-vuetify/versions/19dcbd605dca466a/files/3e43e4454a62e823fc848126a3ccc7603696fdd1cca00cf43845cbff38b50831 [stream]
[debug] [2024-02-27T16:02:02.487Z] <<< [apiv2][status] POST https://upload-firebasehosting.googleapis.com/upload/sites/test-pwa-vuetify/versions/19dcbd605dca466a/files/e9534d51bdd55538081710d4f25707a206be026211c7805cc7a04d64fc727446 200
[debug] [2024-02-27T16:02:02.488Z] <<< [apiv2][body] POST https://upload-firebasehosting.googleapis.com/upload/sites/test-pwa-vuetify/versions/19dcbd605dca466a/files/e9534d51bdd55538081710d4f25707a206be026211c7805cc7a04d64fc727446 [stream]
[debug] [2024-02-27T16:02:02.488Z] [hosting][upload queue][FINAL] {"max":7098,"min":1480,"avg":2766.25,"active":0,"complete":20,"success":20,"errored":0,"retried":0,"total":20,"elapsed":7098}
[info] +  hosting[test-pwa-vuetify]: file upload complete 
[debug] [2024-02-27T16:02:02.489Z] [hosting] deploy completed after 8197ms
[debug] [2024-02-27T16:02:02.489Z] [
  {
    "config": {
      "public": "dist",
      "ignore": [
        "firebase.json",
        "**/.*",
        "**/node_modules/**"
      ],
      "rewrites": [
        {
          "source": "**",
          "destination": "/index.html"
        }
      ],
      "site": "test-pwa-vuetify"
    },
    "version": "projects/612505955804/sites/test-pwa-vuetify/versions/19dcbd605dca466a"
  }
]
[info] i  hosting[test-pwa-vuetify]: finalizing version... 
[debug] [2024-02-27T16:02:02.491Z] >>> [apiv2][query] PATCH https://firebasehosting.googleapis.com/v1beta1/projects/-/sites/test-pwa-vuetify/versions/19dcbd605dca466a updateMask=status%2Cconfig
[debug] [2024-02-27T16:02:02.491Z] >>> [apiv2][body] PATCH https://firebasehosting.googleapis.com/v1beta1/projects/-/sites/test-pwa-vuetify/versions/19dcbd605dca466a {"status":"FINALIZED","config":{"rewrites":[{"glob":"**","path":"/index.html"}]}}
[debug] [2024-02-27T16:02:03.411Z] <<< [apiv2][status] PATCH https://firebasehosting.googleapis.com/v1beta1/projects/-/sites/test-pwa-vuetify/versions/19dcbd605dca466a 200
[debug] [2024-02-27T16:02:03.411Z] <<< [apiv2][body] PATCH https://firebasehosting.googleapis.com/v1beta1/projects/-/sites/test-pwa-vuetify/versions/19dcbd605dca466a {"name":"projects/612505955804/sites/test-pwa-vuetify/versions/19dcbd605dca466a","status":"FINALIZED","config":{"rewrites":[{"glob":"**","path":"/index.html"}]},"labels":{"deployment-tool":"cli-firebase"},"createTime":"2024-02-27T16:01:53.217673Z","createUser":{"email":"Miero2000085@gmail.com"},"finalizeTime":"2024-02-27T16:02:02.596807Z","finalizeUser":{"email":"Miero2000085@gmail.com"}}
[debug] [2024-02-27T16:02:03.411Z] [hosting] finalized version for test-pwa-vuetify:[object Object]
[info] +  hosting[test-pwa-vuetify]: version finalized 
[info] i  hosting[test-pwa-vuetify]: releasing new version... 
[debug] [2024-02-27T16:02:03.412Z] >>> [apiv2][query] POST https://firebasehosting.googleapis.com/v1beta1/projects/-/sites/test-pwa-vuetify/channels/live/releases versionName=projects%2F612505955804%2Fsites%2Ftest-pwa-vuetify%2Fversions%2F19dcbd605dca466a
[debug] [2024-02-27T16:02:03.412Z] >>> [apiv2][body] POST https://firebasehosting.googleapis.com/v1beta1/projects/-/sites/test-pwa-vuetify/channels/live/releases {}
